0 info it worked if it ends with ok
1 verbose cli [ 'node', '/usr/local/bin/npm', 'install', '-g', 'babel-cli' ]
2 info using npm@1.4.28
3 info using node@v0.10.32
4 verbose cache add [ 'babel-cli', null ]
5 verbose cache add name=undefined spec="babel-cli" args=["babel-cli",null]
6 verbose parsed url { protocol: null,
6 verbose parsed url   slashes: null,
6 verbose parsed url   auth: null,
6 verbose parsed url   host: null,
6 verbose parsed url   port: null,
6 verbose parsed url   hostname: null,
6 verbose parsed url   hash: null,
6 verbose parsed url   search: null,
6 verbose parsed url   query: null,
6 verbose parsed url   pathname: 'babel-cli',
6 verbose parsed url   path: 'babel-cli',
6 verbose parsed url   href: 'babel-cli' }
7 silly lockFile a7787cd8-babel-cli babel-cli
8 verbose lock babel-cli /Users/localadmin/.npm/a7787cd8-babel-cli.lock
9 silly lockFile a7787cd8-babel-cli babel-cli
10 silly lockFile a7787cd8-babel-cli babel-cli
11 verbose addNamed [ 'babel-cli', '' ]
12 verbose addNamed [ null, '*' ]
13 silly lockFile eb0cb740-babel-cli babel-cli@
14 verbose lock babel-cli@ /Users/localadmin/.npm/eb0cb740-babel-cli.lock
15 silly addNameRange { name: 'babel-cli', range: '*', hasData: false }
16 verbose request where is /babel-cli
17 verbose request registry https://registry.npmjs.org/
18 verbose request id cd5c564afc0a6437
19 verbose url raw /babel-cli
20 verbose url resolving [ 'https://registry.npmjs.org/', './babel-cli' ]
21 verbose url resolved https://registry.npmjs.org/babel-cli
22 verbose request where is https://registry.npmjs.org/babel-cli
23 info trying registry request attempt 1 at 13:55:31
24 verbose etag "B5BEVGTDY44EC3D52N8L4PWR1"
25 http GET https://registry.npmjs.org/babel-cli
26 http 304 https://registry.npmjs.org/babel-cli
27 silly registry.get cb [ 304,
27 silly registry.get   { date: 'Tue, 02 Feb 2016 18:55:32 GMT',
27 silly registry.get     via: '1.1 varnish',
27 silly registry.get     'cache-control': 'max-age=300',
27 silly registry.get     etag: '"B5BEVGTDY44EC3D52N8L4PWR1"',
27 silly registry.get     age: '215',
27 silly registry.get     connection: 'keep-alive',
27 silly registry.get     'x-served-by': 'cache-dfw1829-DFW',
27 silly registry.get     'x-cache': 'HIT',
27 silly registry.get     'x-cache-hits': '1',
27 silly registry.get     'x-timer': 'S1454439332.458226,VS0,VE0',
27 silly registry.get     vary: 'Accept' } ]
28 verbose etag https://registry.npmjs.org/babel-cli from cache
29 silly addNameRange number 2 { name: 'babel-cli', range: '*', hasData: true }
30 silly addNameRange versions [ 'babel-cli',
30 silly addNameRange   [ '6.0.0',
30 silly addNameRange     '6.0.2',
30 silly addNameRange     '6.0.12',
30 silly addNameRange     '6.0.14',
30 silly addNameRange     '6.0.15',
30 silly addNameRange     '6.1.0',
30 silly addNameRange     '6.1.1',
30 silly addNameRange     '6.1.2',
30 silly addNameRange     '6.1.4',
30 silly addNameRange     '6.1.5',
30 silly addNameRange     '6.1.6',
30 silly addNameRange     '6.1.7',
30 silly addNameRange     '6.1.8',
30 silly addNameRange     '6.1.9',
30 silly addNameRange     '6.1.10',
30 silly addNameRange     '6.1.11',
30 silly addNameRange     '6.1.12',
30 silly addNameRange     '6.1.13',
30 silly addNameRange     '6.1.14',
30 silly addNameRange     '6.1.15',
30 silly addNameRange     '6.1.16',
30 silly addNameRange     '6.1.17',
30 silly addNameRange     '6.1.18',
30 silly addNameRange     '6.2.0',
30 silly addNameRange     '6.2.4',
30 silly addNameRange     '6.3.13',
30 silly addNameRange     '6.3.15',
30 silly addNameRange     '6.3.17',
30 silly addNameRange     '6.4.0',
30 silly addNameRange     '6.4.5' ] ]
31 verbose addNamed [ 'babel-cli', '6.4.5' ]
32 verbose addNamed [ '6.4.5', '6.4.5' ]
33 silly lockFile 2f34a9a1-babel-cli-6-4-5 babel-cli@6.4.5
34 verbose lock babel-cli@6.4.5 /Users/localadmin/.npm/2f34a9a1-babel-cli-6-4-5.lock
35 silly lockFile 2f34a9a1-babel-cli-6-4-5 babel-cli@6.4.5
36 silly lockFile 2f34a9a1-babel-cli-6-4-5 babel-cli@6.4.5
37 silly lockFile eb0cb740-babel-cli babel-cli@
38 silly lockFile eb0cb740-babel-cli babel-cli@
39 silly resolved [ { name: 'babel-cli',
39 silly resolved     version: '6.4.5',
39 silly resolved     description: 'Babel command line.',
39 silly resolved     author: { name: 'Sebastian McKenzie', email: 'sebmck@gmail.com' },
39 silly resolved     homepage: 'https://babeljs.io/',
39 silly resolved     license: 'MIT',
39 silly resolved     repository:
39 silly resolved      { type: 'git',
39 silly resolved        url: 'https://github.com/babel/babel/tree/master/packages/babel-cli' },
39 silly resolved     dependencies:
39 silly resolved      { 'babel-core': '^6.4.5',
39 silly resolved        'babel-register': '^6.3.13',
39 silly resolved        'babel-polyfill': '^6.3.13',
39 silly resolved        'babel-runtime': '^5.0.0',
39 silly resolved        'bin-version-check': '^2.1.0',
39 silly resolved        chalk: '1.1.1',
39 silly resolved        chokidar: '^1.0.0',
39 silly resolved        commander: '^2.8.1',
39 silly resolved        'convert-source-map': '^1.1.0',
39 silly resolved        'fs-readdir-recursive': '^0.1.0',
39 silly resolved        glob: '^5.0.5',
39 silly resolved        lodash: '^3.2.0',
39 silly resolved        'log-symbols': '^1.0.2',
39 silly resolved        'output-file-sync': '^1.1.0',
39 silly resolved        'path-exists': '^1.0.0',
39 silly resolved        'path-is-absolute': '^1.0.0',
39 silly resolved        request: '^2.65.0',
39 silly resolved        slash: '^1.0.0',
39 silly resolved        'source-map': '^0.5.0',
39 silly resolved        v8flags: '^2.0.10' },
39 silly resolved     devDependencies: { 'babel-helper-fixtures': '^6.3.13' },
39 silly resolved     bin:
39 silly resolved      { 'babel-doctor': './bin/babel-doctor.js',
39 silly resolved        babel: './bin/babel.js',
39 silly resolved        'babel-node': './bin/babel-node.js',
39 silly resolved        'babel-external-helpers': './bin/babel-external-helpers.js' },
39 silly resolved     _id: 'babel-cli@6.4.5',
39 silly resolved     scripts: {},
39 silly resolved     _shasum: '14e01de5af860bd16b70e0b485bba7d4724349cb',
39 silly resolved     _from: 'babel-cli@',
39 silly resolved     _npmVersion: '3.5.2',
39 silly resolved     _nodeVersion: '5.1.0',
39 silly resolved     _npmUser: { name: 'hzoo', email: 'hi@henryzoo.com' },
39 silly resolved     dist:
39 silly resolved      { shasum: '14e01de5af860bd16b70e0b485bba7d4724349cb',
39 silly resolved        tarball: 'http://registry.npmjs.org/babel-cli/-/babel-cli-6.4.5.tgz' },
39 silly resolved     maintainers: [ [Object], [Object], [Object], [Object], [Object], [Object] ],
39 silly resolved     directories: {},
39 silly resolved     _resolved: 'https://registry.npmjs.org/babel-cli/-/babel-cli-6.4.5.tgz',
39 silly resolved     readme: 'ERROR: No README data found!' } ]
40 info install babel-cli@6.4.5 into /usr/local/lib
41 info installOne babel-cli@6.4.5
42 verbose lib/node_modules/babel-cli unbuild
43 verbose tar unpack /Users/localadmin/.npm/babel-cli/6.4.5/package.tgz
44 silly lockFile 3c0b1672-local-lib-node-modules-babel-cli tar:///usr/local/lib/node_modules/babel-cli
45 verbose lock tar:///usr/local/lib/node_modules/babel-cli /Users/localadmin/.npm/3c0b1672-local-lib-node-modules-babel-cli.lock
46 silly lockFile ae104e4f--npm-babel-cli-6-4-5-package-tgz tar:///Users/localadmin/.npm/babel-cli/6.4.5/package.tgz
47 verbose lock tar:///Users/localadmin/.npm/babel-cli/6.4.5/package.tgz /Users/localadmin/.npm/ae104e4f--npm-babel-cli-6-4-5-package-tgz.lock
48 silly gunzTarPerm modes [ '755', '644' ]
49 error Error: EACCES, mkdir '/usr/local/lib/node_modules/babel-cli'
49 error  { [Error: EACCES, mkdir '/usr/local/lib/node_modules/babel-cli']
49 error   errno: 3,
49 error   code: 'EACCES',
49 error   path: '/usr/local/lib/node_modules/babel-cli',
49 error   fstream_type: 'Directory',
49 error   fstream_path: '/usr/local/lib/node_modules/babel-cli',
49 error   fstream_class: 'DirWriter',
49 error   fstream_stack:
49 error    [ '/usr/local/lib/node_modules/npm/node_modules/fstream/lib/dir-writer.js:36:23',
49 error      '/usr/local/lib/node_modules/npm/node_modules/mkdirp/index.js:46:53',
49 error      'Object.oncomplete (fs.js:107:15)' ] }
50 error Please try running this command again as root/Administrator.
51 error System Darwin 15.2.0
52 error command "node" "/usr/local/bin/npm" "install" "-g" "babel-cli"
53 error cwd /Users/localadmin/Sites/descartes
54 error node -v v0.10.32
55 error npm -v 1.4.28
56 error path /usr/local/lib/node_modules/babel-cli
57 error fstream_path /usr/local/lib/node_modules/babel-cli
58 error fstream_type Directory
59 error fstream_class DirWriter
60 error code EACCES
61 error errno 3
62 error stack Error: EACCES, mkdir '/usr/local/lib/node_modules/babel-cli'
63 error fstream_stack /usr/local/lib/node_modules/npm/node_modules/fstream/lib/dir-writer.js:36:23
63 error fstream_stack /usr/local/lib/node_modules/npm/node_modules/mkdirp/index.js:46:53
63 error fstream_stack Object.oncomplete (fs.js:107:15)
64 verbose exit [ 3, true ]
